1 10 20
100 200 125
201 210 89
900 1000 174
1 1 1
5 1 8
1 500 144
500 1000 179
1000 1001 143
1002 2000 182
2000 3000 217
3333 3999 238
4500 5000 210
5000 6000 236
6000 6700 262
6700 8501 257
8501 9000 247
9000 9500 260
9500 10000 242
10000 10500 255
10500 11000 268
11000 11500 237
11500 12000 250
12000 12500 263
12500 13000 263
13000 13500 276
14000 14500 209
14500 15000 271
15000 15500 271
15500 16000 253
16000 16500 266
16500 17000 266
17000 17500 235
17500 18000 279
18000 18500 248
18500 19000 261
19000 19500 212
19500 20000 274
20500 21000 256
21000 21500 256
21500 22000 269
22000 22500 269
22500 23000 269
23000 23500 251
23500 24000 282
24000 24500 251
24500 25000 264
25000 25500 264
25500 26000 233
26000 26500 277
26500 27000 308
27000 27500 259
27500 28000 259
28000 28500 259
28500 29000 228
29000 29500 272
29500 30000 272
30000 30500 272
30500 31000 254
31000 31500 285
31500 32000 285
32000 32500 267
32500 33000 267
33000 33500 267
33500 34000 267
34000 34500 311
34500 35000 280
35000 35500 311
35500 36000 324
36000 36500 249
36500 37000 231
37000 37500 262
37500 38000 306
38000 38500 244
38500 39000 244
39000 39500 275
39500 40000 306
40000 40500 275
40500 41000 288
41000 41500 244
41500 42000 257
42000 42500 288
42500 43000 257
43000 43500 257
43500 44000 270
44000 44500 270
44500 45000 270
45000 45500 314
45500 46000 239
46000 46500 283
46500 47000 252
47000 47500 314
48000 48500 252
48500 49000 296
49000 49500 265
49500 50000 296
50000 60000 340
60000 100000 351
100000 100001 129
100001 100500 341
100500 101000 266
